Log file open, 12/01/23 15:32:53
LogWindows: Failed to load 'aqProf.dll' (GetLastError=126)
LogWindows: File 'aqProf.dll' does not exist
LogWindows: Failed to load 'VtuneApi.dll' (GetLastError=126)
LogWindows: File 'VtuneApi.dll' does not exist
LogWindows: Failed to load 'VtuneApi32e.dll' (GetLastError=126)
LogWindows: File 'VtuneApi32e.dll' does not exist
LogConsoleResponse: Display: Failed to find resolution value strings in scalability ini. Falling back to default.
LogConsoleResponse: Display: Failed to find resolution value strings in scalability ini. Falling back to default.
LogInit: Display: Running engine for game: FPS
LogPlatformFile: Not using cached read wrapper
LogTaskGraph: Started task graph with 5 named threads and 47 total threads with 3 sets of task threads.
LogStats: Stats thread started at 0.089757
LogICUInternationalization: ICU TimeZone Detection - Raw Offset: +8:00, Platform Override: ''
LogInit: Display: Loading text-based GConfig....
LogPluginManager: Mounting plugin MeshPainting
LogPluginManager: Mounting plugin XGEController
LogPluginManager: Mounting plugin Paper2D
LogPluginManager: Mounting plugin LiveLink
LogPluginManager: Mounting plugin EnvironmentQueryEditor
LogPluginManager: Mounting plugin AISupport
LogPluginManager: Mounting plugin LightPropagationVolume
LogPluginManager: Mounting plugin GameplayCameras
LogPluginManager: Mounting plugin CameraShakePreviewer
LogPluginManager: Mounting plugin AnimationSharing
LogPluginManager: Mounting plugin CodeLiteSourceCodeAccess
LogPluginManager: Mounting plugin CLionSourceCodeAccess
LogPluginManager: Mounting plugin KDevelopSourceCodeAccess
LogPluginManager: Mounting plugin GitSourceControl
LogPluginManager: Mounting plugin NullSourceCodeAccess
LogPluginManager: Mounting plugin PlasticSourceControl
LogPluginManager: Mounting plugin PerforceSourceControl
LogPluginManager: Mounting plugin PluginUtils
LogPluginManager: Mounting plugin PropertyAccessNode
LogPluginManager: Mounting plugin PixWinPlugin
LogPluginManager: Mounting plugin RiderSourceCodeAccess
LogPluginManager: Mounting plugin TextureFormatOodle
LogPluginManager: Mounting plugin SubversionSourceControl
LogPluginManager: Mounting plugin UObjectPlugin
LogPluginManager: Mounting plugin AssetManagerEditor
LogPluginManager: Mounting plugin CryptoKeys
LogPluginManager: Mounting plugin DataValidation
LogPluginManager: Mounting plugin FacialAnimation
LogPluginManager: Mounting plugin CurveEditorTools
LogPluginManager: Mounting plugin GameplayTagsEditor
LogPluginManager: Mounting plugin MacGraphicsSwitching
LogPluginManager: Mounting plugin MaterialAnalyzer
LogPluginManager: Mounting plugin GeometryMode
LogPluginManager: Mounting plugin MobileLauncherProfileWizard
LogPluginManager: Mounting plugin PluginBrowser
LogPluginManager: Mounting plugin VisualStudioSourceCodeAccess
LogPluginManager: Mounting plugin VisualStudioCodeSourceCodeAccess
LogPluginManager: Mounting plugin XCodeSourceCodeAccess
LogPluginManager: Mounting plugin SpeedTreeImporter
LogPluginManager: Mounting plugin Niagara
LogPluginManager: Mounting plugin AlembicImporter
LogPluginManager: Mounting plugin AutomationUtils
LogPluginManager: Mounting plugin BackChannel
LogPluginManager: Mounting plugin ChaosCloth
LogPluginManager: Mounting plugin ChaosClothEditor
LogPluginManager: Mounting plugin ChaosEditor
LogPluginManager: Mounting plugin ChaosNiagara
LogPluginManager: Mounting plugin ChaosSolverPlugin
LogPluginManager: Mounting plugin CharacterAI
LogPluginManager: Mounting plugin DatasmithContent
LogPluginManager: Mounting plugin GeometryCache
LogPluginManager: Mounting plugin GeometryCollectionPlugin
LogPluginManager: Mounting plugin VariantManagerContent
LogPluginManager: Mounting plugin GeometryProcessing
LogPluginManager: Mounting plugin MotoSynth
LogPluginManager: Mounting plugin OpenImageDenoise
LogPluginManager: Mounting plugin PlanarCut
LogPluginManager: Mounting plugin PlatformCrypto
LogPluginManager: Mounting plugin ProxyLODPlugin
LogPluginManager: Mounting plugin PythonScriptPlugin
LogPluginManager: Mounting plugin SkeletalReduction
LogPluginManager: Mounting plugin LuminPlatformFeatures
LogPluginManager: Mounting plugin MagicLeap
LogPluginManager: Mounting plugin MagicLeapLightEstimation
LogPluginManager: Mounting plugin MagicLeapMedia
LogPluginManager: Mounting plugin MagicLeapPassableWorld
LogPluginManager: Mounting plugin MLSDK
LogPluginManager: Mounting plugin AndroidMedia
LogPluginManager: Mounting plugin AvfMedia
LogPluginManager: Mounting plugin ImgMedia
LogPluginManager: Mounting plugin MediaCompositing
LogPluginManager: Mounting plugin MediaPlayerEditor
LogPluginManager: Mounting plugin WebMMedia
LogPluginManager: Mounting plugin WmfMedia
LogPluginManager: Mounting plugin TcpMessaging
LogPluginManager: Mounting plugin UdpMessaging
LogPluginManager: Mounting plugin ActorSequence
LogPluginManager: Mounting plugin MatineeToLevelSequence
LogPluginManager: Mounting plugin LevelSequenceEditor
LogPluginManager: Mounting plugin TemplateSequence
LogPluginManager: Mounting plugin OnlineSubsystem
LogPluginManager: Mounting plugin OnlineSubsystemNull
LogPluginManager: Mounting plugin OnlineSubsystemUtils
LogPluginManager: Mounting plugin LauncherChunkInstaller
LogPluginManager: Mounting plugin ActorLayerUtilities
LogPluginManager: Mounting plugin AndroidMoviePlayer
LogPluginManager: Mounting plugin AndroidDeviceProfileSelector
LogPluginManager: Mounting plugin AndroidPermission
LogPluginManager: Mounting plugin AppleImageUtils
LogPluginManager: Mounting plugin AppleMoviePlayer
LogPluginManager: Mounting plugin ArchVisCharacter
LogPluginManager: Mounting plugin AssetTags
LogPluginManager: Mounting plugin AudioCapture
LogPluginManager: Mounting plugin CableComponent
LogPluginManager: Mounting plugin AudioSynesthesia
LogPluginManager: Mounting plugin CustomMeshComponent
LogPluginManager: Mounting plugin EditableMesh
LogPluginManager: Mounting plugin ChunkDownloader
LogPluginManager: Mounting plugin ExampleDeviceProfileSelector
LogPluginManager: Mounting plugin GoogleCloudMessaging
LogPluginManager: Mounting plugin GooglePAD
LogPluginManager: Mounting plugin IOSDeviceProfileSelector
LogPluginManager: Mounting plugin LinuxDeviceProfileSelector
LogPluginManager: Mounting plugin LocationServicesBPLibrary
LogPluginManager: Mounting plugin ScreenshotTools
LogPluginManager: Mounting plugin MobilePatchingUtils
LogPluginManager: Mounting plugin OpenXR
LogPluginManager: Mounting plugin OpenXRHandTracking
LogPluginManager: Mounting plugin OpenXREyeTracker
LogPluginManager: Mounting plugin PhysXVehicles
LogPluginManager: Mounting plugin Takes
LogPluginManager: Mounting plugin ProceduralMeshComponent
LogPluginManager: Mounting plugin PropertyAccessEditor
LogPluginManager: Mounting plugin SignificanceManager
LogPluginManager: Mounting plugin RuntimePhysXCooking
LogPluginManager: Mounting plugin PostSplashScreen
LogPluginManager: Mounting plugin SoundFields
LogPluginManager: Mounting plugin Synthesis
LogPluginManager: Mounting plugin WebMMoviePlayer
LogPluginManager: Mounting plugin WindowsMoviePlayer
LogPluginManager: Mounting plugin OodleNetwork
LogPluginManager: Mounting plugin OodleData
LogPluginManager: Mounting plugin ContentBrowserAssetDataSource
LogPluginManager: Mounting plugin ContentBrowserClassDataSource
LogPluginManager: Mounting plugin ContentBrowserFileDataSource
LogPluginManager: Mounting plugin OnlineSubsystemGooglePlay
LogPluginManager: Mounting plugin OnlineSubsystemIOS
LogPluginManager: Mounting plugin OculusVR
LogPluginManager: Mounting plugin SteamVR
PixWinPlugin: PIX capture plugin failed to initialize! Check that the process is launched from PIX.
LogInit: Using libcurl 7.55.1-DEV
LogInit:  - built for x86_64-pc-win32
LogInit:  - supports SSL with OpenSSL/1.1.1
LogInit:  - supports HTTP deflate (compression) using libz 1.2.8
LogInit:  - other features:
LogInit:      CURL_VERSION_SSL
LogInit:      CURL_VERSION_LIBZ
LogInit:      CURL_VERSION_IPV6
LogInit:      CURL_VERSION_ASYNCHDNS
LogInit:      CURL_VERSION_LARGEFILE
LogInit:      CURL_VERSION_IDN
LogInit:  CurlRequestOptions (configurable via config and command line):
LogInit:  - bVerifyPeer = true  - Libcurl will verify peer certificate
LogInit:  - bUseHttpProxy = false  - Libcurl will NOT use HTTP proxy
LogInit:  - bDontReuseConnections = false  - Libcurl will reuse connections
LogInit:  - MaxHostConnections = 16  - Libcurl will limit the number of connections to a host
LogInit:  - LocalHostAddr = Default
LogInit:  - BufferSize = 65536
LogOnline: OSS: Creating online subsystem instance for: NULL
LogInit: WinSock: version 1.1 (2.2), MaxSocks=32767, MaxUdp=65467
LogOnline: OSS: TryLoadSubsystemAndSetDefault: Loaded subsystem for module [NULL]
LogOculusPluginWrapper: OculusPlugin initialized successfully
LogHMD: Failed initializing OVRPlugin 1.59.0
LogInit: Build: ++UE4+Release-4.27-CL-0
LogInit: Engine Version: 4.27.2-0+++UE4+Release-4.27
LogInit: Compatible Engine Version: 4.27.0-0+++UE4+Release-4.27
LogInit: Net CL: 0
LogInit: OS: Windows 10 (Release 2009) (), CPU: AMD Ryzen 7 7745HX with Radeon Graphics        , GPU: AMD Radeon(TM) Graphics
LogInit: Compiled (64-bit): Sep 20 2023 19:13:16
LogInit: Compiled with Visual C++: 19.29.30152.00
LogInit: Build Configuration: Development
LogInit: Branch Name: ++UE4+Release-4.27
LogInit: Command Line:  /Game/Map/Demo -game -PIEVIACONSOLE -Multiprocess GameUserSettingsINI=D:/Project_Unreal/FPS/Saved/Config/Windows/PIEGameUserSettings0.ini -MultiprocessSaveConfig -forcepassthrough -messaging -SessionName="Play in Standalone Game" -featureleveles31 -faketouches -MultiprocessSaveConfig -windowed -WinX=0 -WinY=36 SAVEWINPOS=1 -ResX=2550 -ResY=1494
LogInit: Base Directory: D:/Project_Unreal/UnrealEngine-4.27/Engine/Binaries/Win64/
LogInit: Allocator: TBB
LogInit: Installed Engine Build: 0
LogDevObjectVersion: Number of dev versions registered: 29
LogDevObjectVersion:   Dev-Blueprints (B0D832E4-1F89-4F0D-ACCF-7EB736FD4AA2): 10
LogDevObjectVersion:   Dev-Build (E1C64328-A22C-4D53-A36C-8E866417BD8C): 0
LogDevObjectVersion:   Dev-Core (375EC13C-06E4-48FB-B500-84F0262A717E): 4
LogDevObjectVersion:   Dev-Editor (E4B068ED-F494-42E9-A231-DA0B2E46BB41): 40
LogDevObjectVersion:   Dev-Framework (CFFC743F-43B0-4480-9391-14DF171D2073): 37
LogDevObjectVersion:   Dev-Mobile (B02B49B5-BB20-44E9-A304-32B752E40360): 3
LogDevObjectVersion:   Dev-Networking (A4E4105C-59A1-49B5-A7C5-40C4547EDFEE): 0
LogDevObjectVersion:   Dev-Online (39C831C9-5AE6-47DC-9A44-9C173E1C8E7C): 0
LogDevObjectVersion:   Dev-Physics (78F01B33-EBEA-4F98-B9B4-84EACCB95AA2): 14
LogDevObjectVersion:   Dev-Platform (6631380F-2D4D-43E0-8009-CF276956A95A): 0
LogDevObjectVersion:   Dev-Rendering (12F88B9F-8875-4AFC-A67C-D90C383ABD29): 45
LogDevObjectVersion:   Dev-Sequencer (7B5AE74C-D270-4C10-A958-57980B212A5A): 13
LogDevObjectVersion:   Dev-VR (D7296918-1DD6-4BDD-9DE2-64A83CC13884): 3
LogDevObjectVersion:   Dev-LoadTimes (C2A15278-BFE7-4AFE-6C17-90FF531DF755): 1
LogDevObjectVersion:   Private-Geometry (6EACA3D4-40EC-4CC1-B786-8BED09428FC5): 3
LogDevObjectVersion:   Dev-AnimPhys (29E575DD-E0A3-4627-9D10-D276232CDCEA): 17
LogDevObjectVersion:   Dev-Anim (AF43A65D-7FD3-4947-9873-3E8ED9C1BB05): 15
LogDevObjectVersion:   Dev-ReflectionCapture (6B266CEC-1EC7-4B8F-A30B-E4D90942FC07): 1
LogDevObjectVersion:   Dev-Automation (0DF73D61-A23F-47EA-B727-89E90C41499A): 1
LogDevObjectVersion:   FortniteMain (601D1886-AC64-4F84-AA16-D3DE0DEAC7D6): 47
LogDevObjectVersion:   FortniteRelease (E7086368-6B23-4C58-8439-1B7016265E91): 1
LogDevObjectVersion:   Dev-Enterprise (9DFFBCD6-494F-0158-E221-12823C92A888): 10
LogDevObjectVersion:   Dev-Niagara (F2AED0AC-9AFE-416F-8664-AA7FFA26D6FC): 1
LogDevObjectVersion:   Dev-Destruction (174F1F0B-B4C6-45A5-B13F-2EE8D0FB917D): 10
LogDevObjectVersion:   Dev-Physics-Ext (35F94A83-E258-406C-A318-09F59610247C): 41
LogDevObjectVersion:   Dev-PhysicsMaterial-Chaos (B68FC16E-8B1B-42E2-B453-215C058844FE): 1
LogDevObjectVersion:   Dev-CineCamera (B2E18506-4273-CFC2-A54E-F4BB758BBA07): 1
LogDevObjectVersion:   Dev-VirtualProduction (64F58936-FD1B-42BA-BA96-7289D5D0FA4E): 1
LogDevObjectVersion:   Dev-MediaFramework (6F0ED827-A609-4895-9C91-998D90180EA4): 2
LogInit: Presizing for max 25165824 objects, including 0 objects not considered by GC, pre-allocating 0 bytes for permanent pool.
LogConfig: Applying CVar settings from Section [/Script/Engine.StreamingSettings] File [D:/Project_Unreal/FPS/Saved/Config/Windows/Engine.ini]
LogConfig: Setting CVar [[s.MinBulkDataSizeForAsyncLoading:131072]]
LogConfig: Setting CVar [[s.AsyncLoadingThreadEnabled:0]]
LogConfig: Setting CVar [[s.EventDrivenLoaderEnabled:1]]
LogConfig: Setting CVar [[s.WarnIfTimeLimitExceeded:0]]
LogConfig: Setting CVar [[s.TimeLimitExceededMultiplier:1.5]]
LogConfig: Setting CVar [[s.TimeLimitExceededMinTime:0.005]]
LogConfig: Setting CVar [[s.UseBackgroundLevelStreaming:1]]
LogConfig: Setting CVar [[s.PriorityAsyncLoadingExtraTime:15.0]]
LogConfig: Setting CVar [[s.LevelStreamingActorsUpdateTimeLimit:5.0]]
LogConfig: Setting CVar [[s.PriorityLevelStreamingActorsUpdateExtraTime:5.0]]
LogConfig: Setting CVar [[s.LevelStreamingComponentsRegistrationGranularity:10]]
LogConfig: Setting CVar [[s.UnregisterComponentsTimeLimit:1.0]]
LogConfig: Setting CVar [[s.LevelStreamingComponentsUnregistrationGranularity:5]]
LogConfig: Setting CVar [[s.FlushStreamingOnExit:1]]
LogInit: Object subsystem initialized
LogConfig: Setting CVar [[con.DebugEarlyDefault:1]]
LogConfig: Setting CVar [[r.setres:1280x720]]
[2023.12.01-07.32.54:060][  0]LogConfig: Setting CVar [[con.DebugEarlyDefault:1]]
[2023.12.01-07.32.54:060][  0]LogConfig: Setting CVar [[r.setres:1280x720]]
[2023.12.01-07.32.54:060][  0]LogConfig: Applying CVar settings from Section [/Script/Engine.RendererSettings] File [D:/Project_Unreal/FPS/Saved/Config/Windows/Engine.ini]
[2023.12.01-07.32.54:060][  0]LogConfig: Setting CVar [[r.GPUCrashDebugging:0]]
[2023.12.01-07.32.54:060][  0]LogConfig: Setting CVar [[r.DefaultFeature.MotionBlur:0]]
[2023.12.01-07.32.54:060][  0]LogConfig: Applying CVar settings from Section [/Script/Engine.RendererOverrideSettings] File [D:/Project_Unreal/FPS/Saved/Config/Windows/Engine.ini]
[2023.12.01-07.32.54:060][  0]LogConfig: Applying CVar settings from Section [/Script/Engine.StreamingSettings] File [D:/Project_Unreal/FPS/Saved/Config/Windows/Engine.ini]
[2023.12.01-07.32.54:060][  0]LogConfig: Setting CVar [[s.MinBulkDataSizeForAsyncLoading:131072]]
[2023.12.01-07.32.54:060][  0]LogConfig: Setting CVar [[s.AsyncLoadingThreadEnabled:0]]
[2023.12.01-07.32.54:060][  0]LogConfig: Setting CVar [[s.EventDrivenLoaderEnabled:1]]
[2023.12.01-07.32.54:060][  0]LogConfig: Setting CVar [[s.WarnIfTimeLimitExceeded:0]]
[2023.12.01-07.32.54:060][  0]LogConfig: Setting CVar [[s.TimeLimitExceededMultiplier:1.5]]
[2023.12.01-07.32.54:060][  0]LogConfig: Setting CVar [[s.TimeLimitExceededMinTime:0.005]]
[2023.12.01-07.32.54:060][  0]LogConfig: Setting CVar [[s.UseBackgroundLevelStreaming:1]]
[2023.12.01-07.32.54:060][  0]LogConfig: Setting CVar [[s.PriorityAsyncLoadingExtraTime:15.0]]
[2023.12.01-07.32.54:060][  0]LogConfig: Setting CVar [[s.LevelStreamingActorsUpdateTimeLimit:5.0]]
[2023.12.01-07.32.54:060][  0]LogConfig: Setting CVar [[s.PriorityLevelStreamingActorsUpdateExtraTime:5.0]]
[2023.12.01-07.32.54:060][  0]LogConfig: Setting CVar [[s.LevelStreamingComponentsRegistrationGranularity:10]]
[2023.12.01-07.32.54:060][  0]LogConfig: Setting CVar [[s.UnregisterComponentsTimeLimit:1.0]]
[2023.12.01-07.32.54:060][  0]LogConfig: Setting CVar [[s.LevelStreamingComponentsUnregistrationGranularity:5]]
[2023.12.01-07.32.54:060][  0]LogConfig: Setting CVar [[s.FlushStreamingOnExit:1]]
[2023.12.01-07.32.54:060][  0]LogConfig: Applying CVar settings from Section [/Script/Engine.GarbageCollectionSettings] File [D:/Project_Unreal/FPS/Saved/Config/Windows/Engine.ini]
[2023.12.01-07.32.54:060][  0]LogConfig: Setting CVar [[gc.MaxObjectsNotConsideredByGC:1]]
[2023.12.01-07.32.54:060][  0]LogConfig: Setting CVar [[gc.SizeOfPermanentObjectPool:0]]
[2023.12.01-07.32.54:060][  0]LogConfig: Setting CVar [[gc.FlushStreamingOnGC:0]]
[2023.12.01-07.32.54:060][  0]LogConfig: Setting CVar [[gc.NumRetriesBeforeForcingGC:10]]
[2023.12.01-07.32.54:060][  0]LogConfig: Setting CVar [[gc.AllowParallelGC:1]]
[2023.12.01-07.32.54:060][  0]LogConfig: Setting CVar [[gc.TimeBetweenPurgingPendingKillObjects:61.1]]
[2023.12.01-07.32.54:060][  0]LogConfig: Setting CVar [[gc.MaxObjectsInEditor:25165824]]
[2023.12.01-07.32.54:060][  0]LogConfig: Setting CVar [[gc.IncrementalBeginDestroyEnabled:1]]
[2023.12.01-07.32.54:060][  0]LogConfig: Setting CVar [[gc.CreateGCClusters:1]]
[2023.12.01-07.32.54:060][  0]LogConfig: Setting CVar [[gc.MinGCClusterSize:5]]
[2023.12.01-07.32.54:060][  0]LogConfig: Setting CVar [[gc.ActorClusteringEnabled:0]]
[2023.12.01-07.32.54:060][  0]LogConfig: Setting CVar [[gc.BlueprintClusteringEnabled:0]]
[2023.12.01-07.32.54:060][  0]LogConfig: Setting CVar [[gc.UseDisregardForGCOnDedicatedServers:0]]
[2023.12.01-07.32.54:060][  0]LogConfig: Setting CVar [[gc.MultithreadedDestructionEnabled:1]]
[2023.12.01-07.32.54:060][  0]LogConfig: Applying CVar settings from Section [/Script/Engine.NetworkSettings] File [D:/Project_Unreal/FPS/Saved/Config/Windows/Engine.ini]
[2023.12.01-07.32.54:060][  0]LogConfig: Applying CVar settings from Section [/Script/UnrealEd.CookerSettings] File [D:/Project_Unreal/FPS/Saved/Config/Windows/Engine.ini]
[2023.12.01-07.32.54:069][  0]LogConfig: Applying CVar settings from Section [ViewDistanceQuality@3] File [D:/Project_Unreal/FPS/Saved/Config/Windows/Scalability.ini]
[2023.12.01-07.32.54:069][  0]LogConfig: Setting CVar [[r.SkeletalMeshLODBias:0]]
[2023.12.01-07.32.54:069][  0]LogConfig: Setting CVar [[r.ViewDistanceScale:1.0]]
[2023.12.01-07.32.54:069][  0]LogConfig: Applying CVar settings from Section [AntiAliasingQuality@3] File [D:/Project_Unreal/FPS/Saved/Config/Windows/Scalability.ini]
[2023.12.01-07.32.54:069][  0]LogConfig: Setting CVar [[r.PostProcessAAQuality:4]]
[2023.12.01-07.32.54:069][  0]LogConfig: Applying CVar settings from Section [ShadowQuality@3] File [D:/Project_Unreal/FPS/Saved/Config/Windows/Scalability.ini]
[2023.12.01-07.32.54:069][  0]LogConfig: Setting CVar [[r.LightFunctionQuality:1]]
[2023.12.01-07.32.54:069][  0]LogConfig: Setting CVar [[r.ShadowQuality:5]]
[2023.12.01-07.32.54:069][  0]LogConfig: Setting CVar [[r.Shadow.CSM.MaxCascades:10]]
[2023.12.01-07.32.54:069][  0]LogConfig: Setting CVar [[r.Shadow.MaxResolution:2048]]
[2023.12.01-07.32.54:069][  0]LogConfig: Setting CVar [[r.Shadow.MaxCSMResolution:2048]]
[2023.12.01-07.32.54:069][  0]LogConfig: Setting CVar [[r.Shadow.RadiusThreshold:0.01]]
[2023.12.01-07.32.54:069][  0]LogConfig: Setting CVar [[r.Shadow.DistanceScale:1.0]]
[2023.12.01-07.32.54:070][  0]LogConfig: Setting CVar [[r.Shadow.CSM.TransitionScale:1.0]]
[2023.12.01-07.32.54:070][  0]LogConfig: Setting CVar [[r.Shadow.PreShadowResolutionFactor:1.0]]
[2023.12.01-07.32.54:070][  0]LogConfig: Setting CVar [[r.DistanceFieldShadowing:1]]
[2023.12.01-07.32.54:070][  0]LogConfig: Setting CVar [[r.DistanceFieldAO:1]]
[2023.12.01-07.32.54:070][  0]LogConfig: Setting CVar [[r.AOQuality:2]]
[2023.12.01-07.32.54:070][  0]LogConfig: Setting CVar [[r.VolumetricFog:1]]
[2023.12.01-07.32.54:070][  0]LogConfig: Setting CVar [[r.VolumetricFog.GridPixelSize:8]]
[2023.12.01-07.32.54:070][  0]LogConfig: Setting CVar [[r.VolumetricFog.GridSizeZ:128]]
[2023.12.01-07.32.54:070][  0]LogConfig: Setting CVar [[r.VolumetricFog.HistoryMissSupersampleCount:4]]
[2023.12.01-07.32.54:070][  0]LogConfig: Setting CVar [[r.LightMaxDrawDistanceScale:1]]
[2023.12.01-07.32.54:070][  0]LogConfig: Setting CVar [[r.CapsuleShadows:1]]
[2023.12.01-07.32.54:070][  0]LogConfig: Applying CVar settings from Section [PostProcessQuality@3] File [D:/Project_Unreal/FPS/Saved/Config/Windows/Scalability.ini]
[2023.12.01-07.32.54:070][  0]LogConfig: Setting CVar [[r.MotionBlurQuality:4]]
[2023.12.01-07.32.54:070][  0]LogConfig: Setting CVar [[r.AmbientOcclusionMipLevelFactor:0.4]]
[2023.12.01-07.32.54:070][  0]LogConfig: Setting CVar [[r.AmbientOcclusionMaxQuality:100]]
[2023.12.01-07.32.54:070][  0]LogConfig: Setting CVar [[r.AmbientOcclusionLevels:-1]]
[2023.12.01-07.32.54:070][  0]LogConfig: Setting CVar [[r.AmbientOcclusionRadiusScale:1.0]]
[2023.12.01-07.32.54:070][  0]LogConfig: Setting CVar [[r.DepthOfFieldQuality:2]]
[2023.12.01-07.32.54:070][  0]LogConfig: Setting CVar [[r.RenderTargetPoolMin:400]]
[2023.12.01-07.32.54:070][  0]LogConfig: Setting CVar [[r.LensFlareQuality:2]]
[2023.12.01-07.32.54:070][  0]LogConfig: Setting CVar [[r.SceneColorFringeQuality:1]]
[2023.12.01-07.32.54:070][  0]LogConfig: Setting CVar [[r.EyeAdaptationQuality:2]]
[2023.12.01-07.32.54:070][  0]LogConfig: Setting CVar [[r.BloomQuality:5]]
[2023.12.01-07.32.54:070][  0]LogConfig: Setting CVar [[r.FastBlurThreshold:100]]
[2023.12.01-07.32.54:070][  0]LogConfig: Setting CVar [[r.Upscale.Quality:3]]
[2023.12.01-07.32.54:070][  0]LogConfig: Setting CVar [[r.Tonemapper.GrainQuantization:1]]
[2023.12.01-07.32.54:070][  0]LogConfig: Setting CVar [[r.LightShaftQuality:1]]
[2023.12.01-07.32.54:070][  0]LogConfig: Setting CVar [[r.Filter.SizeScale:1]]
[2023.12.01-07.32.54:070][  0]LogConfig: Setting CVar [[r.Tonemapper.Quality:5]]
[2023.12.01-07.32.54:070][  0]LogConfig: Setting CVar [[r.DOF.Gather.AccumulatorQuality:1        ; higher gathering accumulator quality]]
[2023.12.01-07.32.54:070][  0]LogConfig: Setting CVar [[r.DOF.Gather.PostfilterMethod:1          ; Median3x3 postfilering method]]
[2023.12.01-07.32.54:070][  0]LogConfig: Setting CVar [[r.DOF.Gather.EnableBokehSettings:0       ; no bokeh simulation when gathering]]
[2023.12.01-07.32.54:070][  0]LogConfig: Setting CVar [[r.DOF.Gather.RingCount:4                 ; medium number of samples when gathering]]
[2023.12.01-07.32.54:070][  0]LogConfig: Setting CVar [[r.DOF.Scatter.ForegroundCompositing:1    ; additive foreground scattering]]
[2023.12.01-07.32.54:070][  0]LogConfig: Setting CVar [[r.DOF.Scatter.BackgroundCompositing:2    ; additive background scattering]]
[2023.12.01-07.32.54:070][  0]LogConfig: Setting CVar [[r.DOF.Scatter.EnableBokehSettings:1      ; bokeh simulation when scattering]]
[2023.12.01-07.32.54:070][  0]LogConfig: Setting CVar [[r.DOF.Scatter.MaxSpriteRatio:0.1         ; only a maximum of 10% of scattered bokeh]]
[2023.12.01-07.32.54:070][  0]LogConfig: Setting CVar [[r.DOF.Recombine.Quality:1                ; cheap slight out of focus]]
[2023.12.01-07.32.54:070][  0]LogConfig: Setting CVar [[r.DOF.Recombine.EnableBokehSettings:0    ; no bokeh simulation on slight out of focus]]
[2023.12.01-07.32.54:070][  0]LogConfig: Setting CVar [[r.DOF.TemporalAAQuality:1                ; more stable temporal accumulation]]
[2023.12.01-07.32.54:070][  0]LogConfig: Setting CVar [[r.DOF.Kernel.MaxForegroundRadius:0.025]]
[2023.12.01-07.32.54:070][  0]LogConfig: Setting CVar [[r.DOF.Kernel.MaxBackgroundRadius:0.025]]
[2023.12.01-07.32.54:070][  0]LogConfig: Applying CVar settings from Section [TextureQuality@3] File [D:/Project_Unreal/FPS/Saved/Config/Windows/Scalability.ini]
[2023.12.01-07.32.54:070][  0]LogConfig: Setting CVar [[r.Streaming.MipBias:0]]
[2023.12.01-07.32.54:070][  0]LogConfig: Setting CVar [[r.Streaming.AmortizeCPUToGPUCopy:0]]
[2023.12.01-07.32.54:070][  0]LogConfig: Setting CVar [[r.Streaming.MaxNumTexturesToStreamPerFrame:0]]
[2023.12.01-07.32.54:070][  0]LogConfig: Setting CVar [[r.Streaming.Boost:1]]
[2023.12.01-07.32.54:070][  0]LogConfig: Setting CVar [[r.MaxAnisotropy:8]]
[2023.12.01-07.32.54:070][  0]LogConfig: Setting CVar [[r.VT.MaxAnisotropy:8]]
[2023.12.01-07.32.54:070][  0]LogConfig: Setting CVar [[r.Streaming.LimitPoolSizeToVRAM:0]]
[2023.12.01-07.32.54:070][  0]LogConfig: Setting CVar [[r.Streaming.PoolSize:1000]]
[2023.12.01-07.32.54:070][  0]LogConfig: Setting CVar [[r.Streaming.MaxEffectiveScreenSize:0]]
[2023.12.01-07.32.54:070][  0]LogConfig: Applying CVar settings from Section [EffectsQuality@3] File [D:/Project_Unreal/FPS/Saved/Config/Windows/Scalability.ini]
[2023.12.01-07.32.54:070][  0]LogConfig: Setting CVar [[r.TranslucencyLightingVolumeDim:64]]
[2023.12.01-07.32.54:070][  0]LogConfig: Setting CVar [[r.RefractionQuality:2]]
[2023.12.01-07.32.54:070][  0]LogConfig: Setting CVar [[r.SSR.Quality:3]]
[2023.12.01-07.32.54:070][  0]LogConfig: Setting CVar [[r.SSR.HalfResSceneColor:0]]
[2023.12.01-07.32.54:070][  0]LogConfig: Setting CVar [[r.SceneColorFormat:4]]
[2023.12.01-07.32.54:070][  0]LogConfig: Setting CVar [[r.DetailMode:2]]
[2023.12.01-07.32.54:070][  0]LogConfig: Setting CVar [[r.TranslucencyVolumeBlur:1]]
[2023.12.01-07.32.54:070][  0]LogConfig: Setting CVar [[r.MaterialQualityLevel:1 ; High quality]]
[2023.12.01-07.32.54:070][  0]LogConfig: Setting CVar [[r.AnisotropicMaterials:1]]
[2023.12.01-07.32.54:070][  0]LogConfig: Setting CVar [[r.SSS.Scale:1]]
[2023.12.01-07.32.54:070][  0]LogConfig: Setting CVar [[r.SSS.SampleSet:2]]
[2023.12.01-07.32.54:070][  0]LogConfig: Setting CVar [[r.SSS.Quality:1]]
[2023.12.01-07.32.54:070][  0]LogConfig: Setting CVar [[r.SSS.HalfRes:0]]
[2023.12.01-07.32.54:070][  0]LogConfig: Setting CVar [[r.SSGI.Quality:3]]
[2023.12.01-07.32.54:070][  0]LogConfig: Setting CVar [[r.EmitterSpawnRateScale:1.0]]
[2023.12.01-07.32.54:070][  0]LogConfig: Setting CVar [[r.ParticleLightQuality:2]]
[2023.12.01-07.32.54:070][  0]LogConfig: Setting CVar [[r.SkyAtmosphere.AerialPerspectiveLUT.FastApplyOnOpaque:1 ; Always have FastSkyLUT 1 in this case to avoid wrong sky]]
[2023.12.01-07.32.54:070][  0]LogConfig: Setting CVar [[r.SkyAtmosphere.AerialPerspectiveLUT.SampleCountMaxPerSlice:4]]
[2023.12.01-07.32.54:070][  0]LogConfig: Setting CVar [[r.SkyAtmosphere.AerialPerspectiveLUT.DepthResolution:16.0]]
[2023.12.01-07.32.54:070][  0]LogConfig: Setting CVar [[r.SkyAtmosphere.FastSkyLUT:1]]
[2023.12.01-07.32.54:070][  0]LogConfig: Setting CVar [[r.SkyAtmosphere.FastSkyLUT.SampleCountMin:4.0]]
[2023.12.01-07.32.54:070][  0]LogConfig: Setting CVar [[r.SkyAtmosphere.FastSkyLUT.SampleCountMax:128.0]]
[2023.12.01-07.32.54:070][  0]LogConfig: Setting CVar [[r.SkyAtmosphere.SampleCountMin:4.0]]
[2023.12.01-07.32.54:070][  0]LogConfig: Setting CVar [[r.SkyAtmosphere.SampleCountMax:128.0]]
[2023.12.01-07.32.54:070][  0]LogConfig: Setting CVar [[r.SkyAtmosphere.TransmittanceLUT.UseSmallFormat:0]]
[2023.12.01-07.32.54:070][  0]LogConfig: Setting CVar [[r.SkyAtmosphere.TransmittanceLUT.SampleCount:10.0]]
[2023.12.01-07.32.54:070][  0]LogConfig: Setting CVar [[r.SkyAtmosphere.MultiScatteringLUT.SampleCount:15.0]]
[2023.12.01-07.32.54:070][  0]LogConfig: Setting CVar [[r.SkyLight.RealTimeReflectionCapture:1]]
[2023.12.01-07.32.54:070][  0]LogConfig: Applying CVar settings from Section [FoliageQuality@3] File [D:/Project_Unreal/FPS/Saved/Config/Windows/Scalability.ini]
[2023.12.01-07.32.54:070][  0]LogConfig: Setting CVar [[foliage.DensityScale:1.0]]
[2023.12.01-07.32.54:070][  0]LogConfig: Setting CVar [[grass.DensityScale:1.0]]
[2023.12.01-07.32.54:070][  0]LogConfig: Applying CVar settings from Section [ShadingQuality@3] File [D:/Project_Unreal/FPS/Saved/Config/Windows/Scalability.ini]
[2023.12.01-07.32.54:070][  0]LogConfig: Setting CVar [[r.HairStrands.SkyLighting.IntegrationType:2]]
[2023.12.01-07.32.54:070][  0]LogConfig: Setting CVar [[r.HairStrands.SkyAO.SampleCount:4]]
[2023.12.01-07.32.54:070][  0]LogConfig: Setting CVar [[r.HairStrands.Visibility.MSAA.SamplePerPixel:4]]
[2023.12.01-07.32.54:070][  0]LogInit: Selected Device Profile: [Windows]
[2023.12.01-07.32.54:070][  0]LogInit: Applying CVar settings loaded from the selected device profile: [Windows]
[2023.12.01-07.32.54:070][  0]LogHAL: Display: Platform has ~ 32 GB [33475293184 / 34359738368 / 32], which maps to Largest [LargestMinGB=32, LargerMinGB=12, DefaultMinGB=8, SmallerMinGB=6, SmallestMinGB=0)
[2023.12.01-07.32.54:070][  0]LogInit: Going up to parent DeviceProfile []
[2023.12.01-07.32.54:070][  0]LogConfig: Applying CVar settings from Section [ViewDistanceQuality@3] File [D:/Project_Unreal/FPS/Saved/Config/Windows/Scalability.ini]
[2023.12.01-07.32.54:070][  0]LogConfig: Setting CVar [[r.SkeletalMeshLODBias:0]]
[2023.12.01-07.32.54:070][  0]LogConfig: Setting CVar [[r.ViewDistanceScale:1.0]]
[2023.12.01-07.32.54:070][  0]LogConfig: Applying CVar settings from Section [AntiAliasingQuality@3] File [D:/Project_Unreal/FPS/Saved/Config/Windows/Scalability.ini]
[2023.12.01-07.32.54:070][  0]LogConfig: Setting CVar [[r.PostProcessAAQuality:4]]
[2023.12.01-07.32.54:070][  0]LogConfig: Applying CVar settings from Section [ShadowQuality@3] File [D:/Project_Unreal/FPS/Saved/Config/Windows/Scalability.ini]
[2023.12.01-07.32.54:070][  0]LogConfig: Setting CVar [[r.LightFunctionQuality:1]]
[2023.12.01-07.32.54:070][  0]LogConfig: Setting CVar [[r.ShadowQuality:5]]
[2023.12.01-07.32.54:070][  0]LogConfig: Setting CVar [[r.Shadow.CSM.MaxCascades:10]]
[2023.12.01-07.32.54:070][  0]LogConfig: Setting CVar [[r.Shadow.MaxResolution:2048]]
[2023.12.01-07.32.54:070][  0]LogConfig: Setting CVar [[r.Shadow.MaxCSMResolution:2048]]
[2023.12.01-07.32.54:070][  0]LogConfig: Setting CVar [[r.Shadow.RadiusThreshold:0.01]]
[2023.12.01-07.32.54:070][  0]LogConfig: Setting CVar [[r.Shadow.DistanceScale:1.0]]
[2023.12.01-07.32.54:070][  0]LogConfig: Setting CVar [[r.Shadow.CSM.TransitionScale:1.0]]
[2023.12.01-07.32.54:070][  0]LogConfig: Setting CVar [[r.Shadow.PreShadowResolutionFactor:1.0]]
[2023.12.01-07.32.54:070][  0]LogConfig: Setting CVar [[r.DistanceFieldShadowing:1]]
[2023.12.01-07.32.54:070][  0]LogConfig: Setting CVar [[r.DistanceFieldAO:1]]
[2023.12.01-07.32.54:070][  0]LogConfig: Setting CVar [[r.AOQuality:2]]
[2023.12.01-07.32.54:070][  0]LogConfig: Setting CVar [[r.VolumetricFog:1]]
[2023.12.01-07.32.54:070][  0]LogConfig: Setting CVar [[r.VolumetricFog.GridPixelSize:8]]
[2023.12.01-07.32.54:070][  0]LogConfig: Setting CVar [[r.VolumetricFog.GridSizeZ:128]]
[2023.12.01-07.32.54:070][  0]LogConfig: Setting CVar [[r.VolumetricFog.HistoryMissSupersampleCount:4]]
[2023.12.01-07.32.54:070][  0]LogConfig: Setting CVar [[r.LightMaxDrawDistanceScale:1]]
[2023.12.01-07.32.54:070][  0]LogConfig: Setting CVar [[r.CapsuleShadows:1]]
[2023.12.01-07.32.54:070][  0]LogConfig: Applying CVar settings from Section [PostProcessQuality@3] File [D:/Project_Unreal/FPS/Saved/Config/Windows/Scalability.ini]
[2023.12.01-07.32.54:070][  0]LogConfig: Setting CVar [[r.MotionBlurQuality:4]]
[2023.12.01-07.32.54:070][  0]LogConfig: Setting CVar [[r.AmbientOcclusionMipLevelFactor:0.4]]
[2023.12.01-07.32.54:070][  0]LogConfig: Setting CVar [[r.AmbientOcclusionMaxQuality:100]]
[2023.12.01-07.32.54:070][  0]LogConfig: Setting CVar [[r.AmbientOcclusionLevels:-1]]
[2023.12.01-07.32.54:070][  0]LogConfig: Setting CVar [[r.AmbientOcclusionRadiusScale:1.0]]
[2023.12.01-07.32.54:070][  0]LogConfig: Setting CVar [[r.DepthOfFieldQuality:2]]
[2023.12.01-07.32.54:070][  0]LogConfig: Setting CVar [[r.RenderTargetPoolMin:400]]
[2023.12.01-07.32.54:070][  0]LogConfig: Setting CVar [[r.LensFlareQuality:2]]
[2023.12.01-07.32.54:070][  0]LogConfig: Setting CVar [[r.SceneColorFringeQuality:1]]
[2023.12.01-07.32.54:070][  0]LogConfig: Setting CVar [[r.EyeAdaptationQuality:2]]
[2023.12.01-07.32.54:070][  0]LogConfig: Setting CVar [[r.BloomQuality:5]]
[2023.12.01-07.32.54:070][  0]LogConfig: Setting CVar [[r.FastBlurThreshold:100]]
[2023.12.01-07.32.54:070][  0]LogConfig: Setting CVar [[r.Upscale.Quality:3]]
[2023.12.01-07.32.54:070][  0]LogConfig: Setting CVar [[r.Tonemapper.GrainQuantization:1]]
[2023.12.01-07.32.54:070][  0]LogConfig: Setting CVar [[r.LightShaftQuality:1]]
[2023.12.01-07.32.54:070][  0]LogConfig: Setting CVar [[r.Filter.SizeScale:1]]
[2023.12.01-07.32.54:070][  0]LogConfig: Setting CVar [[r.Tonemapper.Quality:5]]
[2023.12.01-07.32.54:070][  0]LogConfig: Setting CVar [[r.DOF.Gather.AccumulatorQuality:1        ; higher gathering accumulator quality]]
[2023.12.01-07.32.54:070][  0]LogConfig: Setting CVar [[r.DOF.Gather.PostfilterMethod:1          ; Median3x3 postfilering method]]
[2023.12.01-07.32.54:070][  0]LogConfig: Setting CVar [[r.DOF.Gather.EnableBokehSettings:0       ; no bokeh simulation when gathering]]
[2023.12.01-07.32.54:070][  0]LogConfig: Setting CVar [[r.DOF.Gather.RingCount:4                 ; medium number of samples when gathering]]
[2023.12.01-07.32.54:070][  0]LogConfig: Setting CVar [[r.DOF.Scatter.ForegroundCompositing:1    ; additive foreground scattering]]
[2023.12.01-07.32.54:071][  0]LogConfig: Setting CVar [[r.DOF.Scatter.BackgroundCompositing:2    ; additive background scattering]]
[2023.12.01-07.32.54:071][  0]LogConfig: Setting CVar [[r.DOF.Scatter.EnableBokehSettings:1      ; bokeh simulation when scattering]]
[2023.12.01-07.32.54:071][  0]LogConfig: Setting CVar [[r.DOF.Scatter.MaxSpriteRatio:0.1         ; only a maximum of 10% of scattered bokeh]]
[2023.12.01-07.32.54:071][  0]LogConfig: Setting CVar [[r.DOF.Recombine.Quality:1                ; cheap slight out of focus]]
[2023.12.01-07.32.54:071][  0]LogConfig: Setting CVar [[r.DOF.Recombine.EnableBokehSettings:0    ; no bokeh simulation on slight out of focus]]
[2023.12.01-07.32.54:071][  0]LogConfig: Setting CVar [[r.DOF.TemporalAAQuality:1                ; more stable temporal accumulation]]
[2023.12.01-07.32.54:071][  0]LogConfig: Setting CVar [[r.DOF.Kernel.MaxForegroundRadius:0.025]]
[2023.12.01-07.32.54:071][  0]LogConfig: Setting CVar [[r.DOF.Kernel.MaxBackgroundRadius:0.025]]
[2023.12.01-07.32.54:071][  0]LogConfig: Applying CVar settings from Section [TextureQuality@3] File [D:/Project_Unreal/FPS/Saved/Config/Windows/Scalability.ini]
[2023.12.01-07.32.54:071][  0]LogConfig: Setting CVar [[r.Streaming.MipBias:0]]
[2023.12.01-07.32.54:071][  0]LogConfig: Setting CVar [[r.Streaming.AmortizeCPUToGPUCopy:0]]
[2023.12.01-07.32.54:071][  0]LogConfig: Setting CVar [[r.Streaming.MaxNumTexturesToStreamPerFrame:0]]
[2023.12.01-07.32.54:071][  0]LogConfig: Setting CVar [[r.Streaming.Boost:1]]
[2023.12.01-07.32.54:071][  0]LogConfig: Setting CVar [[r.MaxAnisotropy:8]]
[2023.12.01-07.32.54:071][  0]LogConfig: Setting CVar [[r.VT.MaxAnisotropy:8]]
[2023.12.01-07.32.54:071][  0]LogConfig: Setting CVar [[r.Streaming.LimitPoolSizeToVRAM:0]]
[2023.12.01-07.32.54:071][  0]LogConfig: Setting CVar [[r.Streaming.PoolSize:1000]]
[2023.12.01-07.32.54:071][  0]LogConfig: Setting CVar [[r.Streaming.MaxEffectiveScreenSize:0]]
[2023.12.01-07.32.54:071][  0]LogConfig: Applying CVar settings from Section [EffectsQuality@3] File [D:/Project_Unreal/FPS/Saved/Config/Windows/Scalability.ini]
[2023.12.01-07.32.54:071][  0]LogConfig: Setting CVar [[r.TranslucencyLightingVolumeDim:64]]
[2023.12.01-07.32.54:071][  0]LogConfig: Setting CVar [[r.RefractionQuality:2]]
[2023.12.01-07.32.54:071][  0]LogConfig: Setting CVar [[r.SSR.Quality:3]]
[2023.12.01-07.32.54:071][  0]LogConfig: Setting CVar [[r.SSR.HalfResSceneColor:0]]
[2023.12.01-07.32.54:071][  0]LogConfig: Setting CVar [[r.SceneColorFormat:4]]
[2023.12.01-07.32.54:071][  0]LogConfig: Setting CVar [[r.DetailMode:2]]
[2023.12.01-07.32.54:071][  0]LogConfig: Setting CVar [[r.TranslucencyVolumeBlur:1]]
[2023.12.01-07.32.54:071][  0]LogConfig: Setting CVar [[r.MaterialQualityLevel:1 ; High quality]]
[2023.12.01-07.32.54:071][  0]LogConfig: Setting CVar [[r.AnisotropicMaterials:1]]
[2023.12.01-07.32.54:071][  0]LogConfig: Setting CVar [[r.SSS.Scale:1]]
[2023.12.01-07.32.54:071][  0]LogConfig: Setting CVar [[r.SSS.SampleSet:2]]
[2023.12.01-07.32.54:071][  0]LogConfig: Setting CVar [[r.SSS.Quality:1]]
[2023.12.01-07.32.54:071][  0]LogConfig: Setting CVar [[r.SSS.HalfRes:0]]
[2023.12.01-07.32.54:071][  0]LogConfig: Setting CVar [[r.SSGI.Quality:3]]
[2023.12.01-07.32.54:071][  0]LogConfig: Setting CVar [[r.EmitterSpawnRateScale:1.0]]
[2023.12.01-07.32.54:071][  0]LogConfig: Setting CVar [[r.ParticleLightQuality:2]]
[2023.12.01-07.32.54:071][  0]LogConfig: Setting CVar [[r.SkyAtmosphere.AerialPerspectiveLUT.FastApplyOnOpaque:1 ; Always have FastSkyLUT 1 in this case to avoid wrong sky]]
[2023.12.01-07.32.54:071][  0]LogConfig: Setting CVar [[r.SkyAtmosphere.AerialPerspectiveLUT.SampleCountMaxPerSlice:4]]
[2023.12.01-07.32.54:071][  0]LogConfig: Setting CVar [[r.SkyAtmosphere.AerialPerspectiveLUT.DepthResolution:16.0]]
[2023.12.01-07.32.54:071][  0]LogConfig: Setting CVar [[r.SkyAtmosphere.FastSkyLUT:1]]
[2023.12.01-07.32.54:071][  0]LogConfig: Setting CVar [[r.SkyAtmosphere.FastSkyLUT.SampleCountMin:4.0]]
[2023.12.01-07.32.54:071][  0]LogConfig: Setting CVar [[r.SkyAtmosphere.FastSkyLUT.SampleCountMax:128.0]]
[2023.12.01-07.32.54:071][  0]LogConfig: Setting CVar [[r.SkyAtmosphere.SampleCountMin:4.0]]
[2023.12.01-07.32.54:071][  0]LogConfig: Setting CVar [[r.SkyAtmosphere.SampleCountMax:128.0]]
[2023.12.01-07.32.54:071][  0]LogConfig: Setting CVar [[r.SkyAtmosphere.TransmittanceLUT.UseSmallFormat:0]]
[2023.12.01-07.32.54:071][  0]LogConfig: Setting CVar [[r.SkyAtmosphere.TransmittanceLUT.SampleCount:10.0]]
[2023.12.01-07.32.54:071][  0]LogConfig: Setting CVar [[r.SkyAtmosphere.MultiScatteringLUT.SampleCount:15.0]]
[2023.12.01-07.32.54:071][  0]LogConfig: Setting CVar [[r.SkyLight.RealTimeReflectionCapture:1]]
[2023.12.01-07.32.54:071][  0]LogConfig: Applying CVar settings from Section [FoliageQuality@3] File [D:/Project_Unreal/FPS/Saved/Config/Windows/Scalability.ini]
[2023.12.01-07.32.54:071][  0]LogConfig: Setting CVar [[foliage.DensityScale:1.0]]
[2023.12.01-07.32.54:071][  0]LogConfig: Setting CVar [[grass.DensityScale:1.0]]
[2023.12.01-07.32.54:071][  0]LogConfig: Applying CVar settings from Section [ShadingQuality@3] File [D:/Project_Unreal/FPS/Saved/Config/Windows/Scalability.ini]
[2023.12.01-07.32.54:071][  0]LogConfig: Setting CVar [[r.HairStrands.SkyLighting.IntegrationType:2]]
[2023.12.01-07.32.54:071][  0]LogConfig: Setting CVar [[r.HairStrands.SkyAO.SampleCount:4]]
[2023.12.01-07.32.54:071][  0]LogConfig: Setting CVar [[r.HairStrands.Visibility.MSAA.SamplePerPixel:4]]
[2023.12.01-07.32.54:071][  0]LogConfig: Applying CVar settings from Section [Startup] File [../../../Engine/Config/ConsoleVariables.ini]
[2023.12.01-07.32.54:071][  0]LogConfig: Setting CVar [[net.UseAdaptiveNetUpdateFrequency:0]]
[2023.12.01-07.32.54:071][  0]LogConfig: Setting CVar [[p.chaos.AllowCreatePhysxBodies:1]]
[2023.12.01-07.32.54:071][  0]LogConfig: Setting CVar [[fx.SkipVectorVMBackendOptimizations:1]]
[2023.12.01-07.32.54:071][  0]LogConfig: Applying CVar settings from Section [ConsoleVariables] File [D:/Project_Unreal/FPS/Saved/Config/Windows/Engine.ini]
[2023.12.01-07.32.54:071][  0]LogConfig: Applying CVar settings from Section [ConsoleVariables] File [D:/Project_Unreal/FPS/Saved/Config/Windows/Editor.ini]
[2023.12.01-07.32.54:071][  0]LogInit: Computer: LAP
[2023.12.01-07.32.54:071][  0]LogInit: User: 11963
[2023.12.01-07.32.54:071][  0]LogInit: CPU Page size=4096, Cores=8
[2023.12.01-07.32.54:071][  0]LogInit: High frequency timer resolution =10.000000 MHz
[2023.12.01-07.32.54:071][  0]LogMemory: Memory total: Physical=31.2GB (32GB approx)
[2023.12.01-07.32.54:071][  0]LogMemory: Platform Memory Stats for Windows
[2023.12.01-07.32.54:071][  0]LogMemory: Process Physical Memory: 141.42 MB used, 141.42 MB peak
[2023.12.01-07.32.54:071][  0]LogMemory: Process Virtual Memory: 121.08 MB used, 121.08 MB peak
[2023.12.01-07.32.54:071][  0]LogMemory: Physical Memory: 12152.52 MB used,  19772.01 MB free, 31924.53 MB total
[2023.12.01-07.32.54:071][  0]LogMemory: Virtual Memory: 134180336.00 MB used,  37392.27 MB free, 134217728.00 MB total
[2023.12.01-07.32.54:076][  0]LogWindows: WindowsPlatformFeatures enabled
[2023.12.01-07.32.54:115][  0]LogInit: Physics initialised using underlying interface: PhysX
[2023.12.01-07.32.54:115][  0]LogInit: Using OS detected language (zh-CN).
[2023.12.01-07.32.54:115][  0]LogInit: Using OS detected locale (zh-CN).
[2023.12.01-07.32.54:115][  0]LogTextLocalizationManager: No specific localization for 'zh-CN' exists, so the 'zh-Hans' localization will be used.
[2023.12.01-07.32.54:200][  0]LogTextLocalizationResource: LocRes '../../../Engine/Content/Localization/Editor/zh/Editor.locres' could not be opened for reading!
[2023.12.01-07.32.54:200][  0]LogTextLocalizationResource: LocRes '../../../Engine/Content/Localization/EditorTutorials/zh/EditorTutorials.locres' could not be opened for reading!
[2023.12.01-07.32.54:200][  0]LogTextLocalizationResource: LocRes '../../../Engine/Content/Localization/Keywords/zh/Keywords.locres' could not be opened for reading!
[2023.12.01-07.32.54:200][  0]LogTextLocalizationResource: LocRes '../../../Engine/Content/Localization/Category/zh/Category.locres' could not be opened for reading!
[2023.12.01-07.32.54:200][  0]LogTextLocalizationResource: LocRes '../../../Engine/Content/Localization/ToolTips/zh/ToolTips.locres' could not be opened for reading!
[2023.12.01-07.32.54:200][  0]LogTextLocalizationResource: LocRes '../../../Engine/Content/Localization/PropertyNames/zh/PropertyNames.locres' could not be opened for reading!
[2023.12.01-07.32.54:200][  0]LogTextLocalizationResource: LocRes '../../../Engine/Content/Localization/Engine/zh/Engine.locres' could not be opened for reading!
[2023.12.01-07.32.54:200][  0]LogTextLocalizationResource: LocRes '../../../Engine/Plugins/Online/OnlineSubsystem/Content/Localization/OnlineSubsystem/zh/OnlineSubsystem.locres' could not be opened for reading!
[2023.12.01-07.32.54:200][  0]LogTextLocalizationResource: LocRes '../../../Engine/Plugins/Online/OnlineSubsystemUtils/Content/Localization/OnlineSubsystemUtils/zh/OnlineSubsystemUtils.locres' could not be opened for reading!
[2023.12.01-07.32.54:200][  0]LogTextLocalizationResource: LocRes '../../../Engine/Plugins/Online/Android/OnlineSubsystemGooglePlay/Content/Localization/OnlineSubsystemGooglePlay/zh/OnlineSubsystemGooglePlay.locres' could not be opened for reading!
[2023.12.01-07.32.54:200][  0]LogTextLocalizationResource: LocRes '../../../Engine/Plugins/Online/IOS/OnlineSubsystemIOS/Content/Localization/OnlineSubsystemIOS/zh/OnlineSubsystemIOS.locres' could not be opened for reading!
[2023.12.01-07.32.54:240][  0]LogWindowsTextInputMethodSystem: Display: IME system deactivated.
[2023.12.01-07.32.54:266][  0]LogSlate: New Slate User Created.  User Index 0, Is Virtual User: 0
[2023.12.01-07.32.54:266][  0]LogSlate: Slate User Registered.  User Index 0, Is Virtual User: 0
[2023.12.01-07.32.54:280][  0]LogD3D11RHI: Loaded GFSDK_Aftermath_Lib.x64.dll
[2023.12.01-07.32.54:291][  0]LogHMD: Failed to initialize OpenVR with code 110
[2023.12.01-07.32.54:291][  0]LogD3D11RHI: D3D11 min allowed feature level: 11_0
[2023.12.01-07.32.54:291][  0]LogD3D11RHI: D3D11 max allowed feature level: 11_0
[2023.12.01-07.32.54:291][  0]LogD3D11RHI: D3D11 adapters:
[2023.12.01-07.32.54:381][  0]LogD3D11RHI:    0. 'NVIDIA GeForce RTX 4060 Laptop GPU' (Feature Level 11_0)
[2023.12.01-07.32.54:381][  0]LogD3D11RHI:       7972/0/15962 MB DedicatedVideo/DedicatedSystem/SharedSystem, Outputs:1, VendorId:0x10de
[2023.12.01-07.32.54:441][  0]LogD3D11RHI:    1. 'AMD Radeon(TM) Graphics' (Feature Level 11_0)
[2023.12.01-07.32.54:441][  0]LogD3D11RHI:       485/0/15962 MB DedicatedVideo/DedicatedSystem/SharedSystem, Outputs:0, VendorId:0x1002
[2023.12.01-07.32.54:443][  0]LogD3D11RHI:    2. 'Microsoft Basic Render Driver' (Feature Level 11_0)
[2023.12.01-07.32.54:443][  0]LogD3D11RHI:       0/0/15962 MB DedicatedVideo/DedicatedSystem/SharedSystem, Outputs:0, VendorId:0x1414
[2023.12.01-07.32.54:443][  0]LogD3D11RHI: Chosen D3D11 Adapter:
[2023.12.01-07.32.54:443][  0]LogD3D11RHI:     Description : NVIDIA GeForce RTX 4060 Laptop GPU
[2023.12.01-07.32.54:443][  0]LogD3D11RHI:     VendorId    : 10de
[2023.12.01-07.32.54:443][  0]LogD3D11RHI:     DeviceId    : 28a0
[2023.12.01-07.32.54:443][  0]LogD3D11RHI:     SubSysId    : 13021d05
[2023.12.01-07.32.54:443][  0]LogD3D11RHI:     Revision    : 00a1
[2023.12.01-07.32.54:443][  0]LogD3D11RHI:     DedicatedVideoMemory : 8359247872 bytes
[2023.12.01-07.32.54:443][  0]LogD3D11RHI:     DedicatedSystemMemory : 0 bytes
[2023.12.01-07.32.54:443][  0]LogD3D11RHI:     SharedSystemMemory : 16737646592 bytes
[2023.12.01-07.32.54:443][  0]LogD3D11RHI:     AdapterLuid : 0 58106
[2023.12.01-07.32.54:449][  0]LogD3D11RHI: Creating new Direct3DDevice
[2023.12.01-07.32.54:449][  0]LogD3D11RHI:     GPU DeviceId: 0x28a0 (for the marketing name, search the web for "GPU Device Id")
[2023.12.01-07.32.54:449][  0]LogWindows: EnumDisplayDevices:
[2023.12.01-07.32.54:449][  0]LogWindows:    0. 'AMD Radeon(TM) Graphics' (P:1 D:1)
[2023.12.01-07.32.54:449][  0]LogWindows:    1. 'AMD Radeon(TM) Graphics' (P:0 D:0)
[2023.12.01-07.32.54:449][  0]LogWindows:    2. 'AMD Radeon(TM) Graphics' (P:0 D:0)
[2023.12.01-07.32.54:449][  0]LogWindows:    3. 'AMD Radeon(TM) Graphics' (P:0 D:0)
[2023.12.01-07.32.54:450][  0]LogWindows:    4. 'AMD Radeon(TM) Graphics' (P:0 D:0)
[2023.12.01-07.32.54:450][  0]LogWindows:    5. 'NVIDIA GeForce RTX 4060 Laptop GPU' (P:0 D:0)
[2023.12.01-07.32.54:450][  0]LogWindows:    6. 'NVIDIA GeForce RTX 4060 Laptop GPU' (P:0 D:0)
[2023.12.01-07.32.54:450][  0]LogWindows:    7. 'NVIDIA GeForce RTX 4060 Laptop GPU' (P:0 D:0)
[2023.12.01-07.32.54:451][  0]LogWindows:    8. 'NVIDIA GeForce RTX 4060 Laptop GPU' (P:0 D:0)
[2023.12.01-07.32.54:451][  0]LogWindows: DebugString: PrimaryIsNotTheChoosenAdapter PrimaryIsNotTheChoosenAdapter PrimaryIsNotTheChoosenAdapter PrimaryIsNotTheChoosenAdapter PrimaryIsNotTheChoosenAdapter FoundDriverCount:4 
[2023.12.01-07.32.54:451][  0]LogD3D11RHI:     Adapter Name: NVIDIA GeForce RTX 4060 Laptop GPU
[2023.12.01-07.32.54:451][  0]LogD3D11RHI:   Driver Version: 546.01 (internal:31.0.15.4601, unified:546.01)
[2023.12.01-07.32.54:451][  0]LogD3D11RHI:      Driver Date: 10-26-2023
[2023.12.01-07.32.54:451][  0]LogRHI: Texture pool is 5580 MB (70% of 7972 MB)
[2023.12.01-07.32.54:451][  0]LogD3D11RHI: Creating D3DDevice using adapter:
[2023.12.01-07.32.54:451][  0]LogD3D11RHI:     Description : NVIDIA GeForce RTX 4060 Laptop GPU
[2023.12.01-07.32.54:451][  0]LogD3D11RHI:     VendorId    : 10de
[2023.12.01-07.32.54:451][  0]LogD3D11RHI:     DeviceId    : 28a0
[2023.12.01-07.32.54:451][  0]LogD3D11RHI:     SubSysId    : 13021d05
[2023.12.01-07.32.54:451][  0]LogD3D11RHI:     Revision    : 00a1
[2023.12.01-07.32.54:451][  0]LogD3D11RHI:     DedicatedVideoMemory : 8359247872 bytes
[2023.12.01-07.32.54:451][  0]LogD3D11RHI:     DedicatedSystemMemory : 0 bytes
[2023.12.01-07.32.54:451][  0]LogD3D11RHI:     SharedSystemMemory : 16737646592 bytes
[2023.12.01-07.32.54:451][  0]LogD3D11RHI:     AdapterLuid : 0 58106
[2023.12.01-07.32.54:506][  0]LogD3D11RHI: RHI has support for 64 bit atomics
[2023.12.01-07.32.54:507][  0]LogD3D11RHI: Async texture creation enabled
[2023.12.01-07.32.54:507][  0]LogD3D11RHI: Array index from any shader is supported
[2023.12.01-07.32.54:523][  0]LogD3D11RHI: GPU Timing Frequency: 1000.000000 (Debug: 2 1)
[2023.12.01-07.32.54:543][  0]LogRHI: GeForceNow SDK initialized: 1
[2023.12.01-07.32.54:725][  0]LogTargetPlatformManager: Display: Loaded TargetPlatform 'WindowsNoEditor'
[2023.12.01-07.32.54:729][  0]LogTargetPlatformManager: Display: Loaded TargetPlatform 'Windows'
[2023.12.01-07.32.54:731][  0]LogTargetPlatformManager: Display: Loaded TargetPlatform 'WindowsClient'
[2023.12.01-07.32.54:735][  0]LogTargetPlatformManager: Display: Loaded TargetPlatform 'WindowsServer'
[2023.12.01-07.32.54:735][  0]LogTargetPlatformManager: Display: Building Assets For Windows
[2023.12.01-07.32.54:740][  0]LogAudioDebug: Display: Lib vorbis DLL was dynamically loaded.
[2023.12.01-07.32.54:761][  0]LogTextureFormatOodle: Display: Oodle Texture 2.9.0 init RDO Off
[2023.12.01-07.32.54:783][  0]LogRendererCore: Ray tracing is disabled. Reason: r.RayTracing=0.
[2023.12.01-07.32.54:784][  0]LogShaderCompilers: Guid format shader working directory is 31 characters bigger than the processId version (../../../../FPS/Intermediate/Shaders/WorkingDirectory/8440/).
[2023.12.01-07.32.54:784][  0]LogShaderCompilers: Cleaned the shader compiler working directory 'C:/Users/11963/AppData/Local/Temp/UnrealShaderWorkingDir/124E5F04481A5C074A88B8B3CA498519/'.
[2023.12.01-07.32.54:784][  0]LogXGEController: Cannot use XGE Controller as Incredibuild is not installed on this machine.
[2023.12.01-07.32.54:784][  0]LogShaderCompilers: Cannot use XGE Shader Compiler as Incredibuild is not installed on this machine.
[2023.12.01-07.32.54:784][  0]LogShaderCompilers: Display: Using Local Shader Compiler.
[2023.12.01-07.32.55:176][  0]LogDerivedDataCache: Display: Max Cache Size: 512 MB
[2023.12.01-07.32.55:210][  0]LogDerivedDataCache: Loaded boot cache 0.03s 94MB ../../../../FPS/DerivedDataCache/Boot.ddc.
[2023.12.01-07.32.55:210][  0]LogDerivedDataCache: Display: Loaded Boot cache: ../../../../FPS/DerivedDataCache/Boot.ddc
[2023.12.01-07.32.55:210][  0]LogDerivedDataCache: FDerivedDataBackendGraph:  Pak pak cache file ../../../../FPS/DerivedDataCache/DDC.ddp not found, will not use a pak cache.
[2023.12.01-07.32.55:210][  0]LogDerivedDataCache: Unable to find inner node Pak for hierarchical cache Hierarchy.
[2023.12.01-07.32.55:210][  0]LogDerivedDataCache: FDerivedDataBackendGraph:  EnginePak pak cache file ../../../Engine/DerivedDataCache/DDC.ddp not found, will not use a pak cache.
[2023.12.01-07.32.55:210][  0]LogDerivedDataCache: Unable to find inner node EnginePak for hierarchical cache Hierarchy.
[2023.12.01-07.32.55:216][  0]LogDerivedDataCache: Speed tests for ../../../Engine/DerivedDataCache took 0.00 seconds
[2023.12.01-07.32.55:216][  0]LogDerivedDataCache: Display: Performance to ../../../Engine/DerivedDataCache: Latency=0.00ms. RandomReadSpeed=2121.12MBs, RandomWriteSpeed=222.71MBs. Assigned SpeedClass 'Local'
[2023.12.01-07.32.55:216][  0]LogDerivedDataCache: Using Local data cache path ../../../Engine/DerivedDataCache: Writable
[2023.12.01-07.32.55:216][  0]LogDerivedDataCache: Shared data cache path not found in *engine.ini, will not use an Shared cache.
[2023.12.01-07.32.55:216][  0]LogDerivedDataCache: Unable to find inner node Shared for hierarchical cache Hierarchy.
[2023.12.01-07.32.55:224][  0]LogSlate: Using FreeType 2.10.0
[2023.12.01-07.32.55:224][  0]LogSlate: SlateFontServices - WITH_FREETYPE: 1, WITH_HARFBUZZ: 1
[2023.12.01-07.32.55:341][  0]LogInit: Using OS detected language (zh-CN).
[2023.12.01-07.32.55:343][  0]LogInit: Using OS detected locale (zh-CN).
[2023.12.01-07.32.55:343][  0]LogTextLocalizationManager: No localization for 'zh-CN' exists, so 'en' will be used for the language.
[2023.12.01-07.32.55:343][  0]LogTextLocalizationManager: No localization for 'zh-CN' exists, so 'en' will be used for the locale.
[2023.12.01-07.32.55:343][  0]LogSlate: FontCache flush requested. Reason: Culture for localization was changed
[2023.12.01-07.32.55:343][  0]LogSlate: FontCache flush requested. Reason: Culture for localization was changed
[2023.12.01-07.32.55:345][  0]LogAssetRegistry: FAssetRegistry took 0.0016 seconds to start up
[2023.12.01-07.32.55:450][  0]LogTextLocalizationManager: Compacting localization data took   0.00ms
[2023.12.01-07.32.55:450][  0]LogPackageLocalizationCache: Processed 27 localized package path(s) for 1 prioritized culture(s) in 0.000459 seconds
[2023.12.01-07.32.55:486][  0]LogInit: Selected Device Profile: [Windows]
[2023.12.01-07.32.55:486][  0]LogInit: Active device profile: [0000025D8D9D5300][0000025DEE4090C0 49] Windows
[2023.12.01-07.32.55:486][  0]LogInit: Profiles: [0000025D8D9D5300][0000025DEE4090C0 49] Windows, [0000025D8D9B2C00][0000025DEE411240 49] WindowsNoEditor, [0000025D8D9D6200][0000025DEE4153C0 49] WindowsServer, [0000025D8D9B3A00][0000025DE8E45540 49] WindowsClient, [0000025D8D9D7000][0000025DE8E496C0 49] IOS, [0000025D8D9B1500][0000025DE8E4D840 49] iPadAir, [0000025D8D9D7D00][0000025DE8E519C0 49] iPadAir2, [0000025D8D94E400][0000025DE8E58100 49] IPadPro, [0000025D8D94E500][0000025DE8E54140 49] iPadAir3, [0000025D8D9B3B00][0000025D8B9EA2C0 49] iPadAir4, [0000025D8D94F300][0000025D8B9EE440 49] iPadMini2, [0000025D8D9B3100][0000025D8B9F25C0 49] iPadMini3, [0000025D8D94FF00][0000025DEE40C700 49] iPadMini4, [0000025D8D9B1F00][0000025D8B9F6840 49] iPadMini5, [0000025D8D9A1D00][0000025D8B9FEA80 49] iPhone6, [0000025D8D9A1E00][0000025D8B9FAAC0 49] iPodTouch6, [0000025D8D9D6D00][0000025D8BA0AD80 49] iPhone7, [0000025D8D9D6F00][0000025D8BA06DC0 49] iPodTouch7, [0000025D8D94DC00][0000025D8BA0EF40 49] iPhone5S, [0000025D8D9D7900][0000025D8BA130C0 49] iPhone6Plus, [0000025D8D94D400][0000025D8BA17240 49] iPhone6S, [0000025D8D9D4300][0000025D8BA1B3C0 49] iPhone6SPlus, [0000025D8D94CD00][0000025D8BA1F540 49] iPhone7Plus, [0000025D8D9D4D00][0000025D8BA236C0 49] iPhoneSE, [0000025D8D94C500][0000025D8BA27840 49] iPhone8, [0000025D8D9D4B00][0000025D8BA2B9C0 49] iPhone8Plus, [0000025D8D94C900][0000025D8BA2FB40 49] iPhoneX, [0000025D8D9D5100][0000025D8BA32140 49] iPhoneXS, [0000025D8D94C800][0000025D8BA362C0 49] iPhoneXSMax, [0000025D8D94CF00][0000025D8BA3A440 49] iPhoneXR, [0000025D8D9A0A00][0000025D8BA3E5C0 49] iPhone11, [0000025D8D94D700][0000025D8BA42740 49] iPhone11Pro, [0000025D8D9A1200][0000025D8BA02880 49] iPhone11ProMax, [0000025D8D94FA00][0000025D8BA469C0 49] iPhoneSE2, [0000025D8D9A1800][0000025D8BA4AB00 49] iPhone12Mini, [0000025D8D94F600][0000025D8BA4EC40 49] iPhone12, [0000025D8D9A1B00][0000025D8BA56DC0 49] iPhone12Pro, [0000025D8D94CA00][0000025D8BA5AF40 49] iPhone12ProMax, [0000025D8D9A3F00][0000025D8BA5F0C0 49] iPadPro105, [0000025D8D94D300][0000025D8BA63240 49] iPadPro129, [0000025D8D9A1500][0000025D8BA673C0 49] iPadPro97, [0000025D8D9D7E00][0000025D8BA6B540 49] iPadPro2_129, [0000025D8D9A3700][0000025D8BA6F6C0 49] iPad5, [0000025D8D9D4800][0000025D8BA73840 49] iPad6, [0000025D8D9A0D00][0000025D8BA779C0 49] iPad7, [0000025D8D9D6900][0000025D8BA7BB40 49] iPad8, [0000025D8D9A0E00][0000025D8BA7E140 49] iPadPro11, [0000025D8D9D5D00][0000025D8BA822C0 49] iPadPro2_11, [0000025D8D9A0800][0000025D8BA86440 49] iPadPro3_129, [0000025D8D9D4500][0000025D8BA8A5C0 49] iPadPro4_129, [0000025D8D9A3100][0000025D8BA8E740 49] AppleTV, [0000025D8D9D6000][0000025D8BA928C0 49] AppleTV4K, [0000025D8D9A0700][0000025D8BA96A40 49] TVOS, [0000025D8D9D6600][0000025D8BA52B80 49] Mac, [0000025D8D9A2E00][0000025D8BA9ACC0 49] MacClient, [0000025D8D9D4600][0000025D8DC7EE00 49] MacNoEditor, [0000025D8D9A3800][0000025D8DC86F80 49] MacServer, [0000025D8D9D5E00][0000025D8DC8B100 49] Linux, [0000025D8D9A1600][0000025D8DC8F280 49] LinuxAArch64, [0000025D8D9D5700][0000025D8DC93400 49] LinuxNoEditor, [0000025D8D9A2000][0000025D8DC97580 49] LinuxAArch64NoEditor, [0000025D8D9D7A00][0000025D8DC9B700 49] LinuxClient, [0000025D8D9A2700][0000025D8DC9F880 49] LinuxAArch64Client, [0000025D8D9D7100][0000025D8DCA3A00 49] LinuxServer, [0000025D8D9A2900][0000025D8DCA7B80 49] LinuxAArch64Server, [0000025D8D9D4A00][0000025D8DCAA180 49] Android, [0000025D8D9A2C00][0000025D8DCAE300 49] Android_Low, [0000025D8D9D7600][0000025D8DCB2480 49] Android_Mid, [0000025D8D9A2A00][0000025D8DCB6600 49] Android_High, [0000025D8D9D7300][0000025D8DCBA780 49] Android_Default, [0000025D8D9A2400][0000025D8DCBE900 49] Android_Adreno4xx, [0000025D8D9D7200][0000025D8DCC2A80 49] Android_Adreno5xx_Low, [0000025D8D9A3400][0000025D8DCC6C00 49] Android_Adreno5xx, [0000025D8D9D5B00][0000025D8DC82D40 49] Android_Adreno6xx, [0000025D8D9A1C00][0000025D8DCCAE80 49] Android_Adreno6xx_Vulkan, [0000025D8D9D4100][0000025D8DCCEFC0 49] Android_Mali_T6xx, [0000025D8D9A3B00][0000025D8DCD7140 49] Android_Mali_T7xx, [0000025D8D9D5000][0000025D8DCDB2C0 49] Android_Mali_T8xx, [0000025D8D9A3600][0000025D8DCDF440 49] Android_Mali_G71, [0000025D8D9D4E00][0000025D8DCE35C0 49] Android_Mali_G72, [0000025D8D9A1100][0000025D8DCE7740 49] Android_Mali_G72_Vulkan, [0000025D8D9D7C00][0000025D8DCEB8C0 49] Android_Mali_G76, [0000025D8D9A3200][0000025D8DCEFA40 49] Android_Mali_G76_Vulkan, [0000025D8D9D6B00][0000025D8DCF3BC0 49] Android_Mali_G77, [0000025D8D9A2B00][0000025D8DCF61C0 49] Android_Mali_G77_Vulkan, [0000025D8D9D5600][0000025D8DCFA340 49] Android_Mali_G78, [0000025D8D9A3D00][0000025D8DCFE4C0 49] Android_Mali_G78_Vulkan, [0000025D8D9D5A00][0000025D8DD02640 49] Android_Mali_G710, [0000025D8D94F100][0000025D8DD067C0 49] Android_Mali_G710_Vulkan, [0000025D8D9B1200][0000025D8DD0A940 49] Android_Vulkan_SM5, [0000025D8D94F200][0000025D8DD0EAC0 49] Android_PowerVR_G6xxx, [0000025D8D9B3900][0000025D8DD12C40 49] Android_PowerVR_GT7xxx, [0000025D8D94DF00][0000025D8DD16DC0 49] Android_PowerVR_GE8xxx, [0000025D8D9B2B00][0000025D8DCD2F00 49] Android_PowerVR_GM9xxx, [0000025D8D94DA00][0000025D8B6A1040 49] Android_PowerVR_GM9xxx_Vulkan, [0000025D8D9B3F00][0000025D8B6A5180 49] Android_TegraK1, [0000025D8D94E100][0000025D8B6A92C0 49] Android_Unknown_Vulkan, [0000025D8D9B0E00][0000025D8B6B1440 49] Lumin, [0000025D8D94E900][0000025D8B6B55C0 49] Lumin_Desktop, [0000025D8D9B2E00][0000025D8B6B9740 49] HoloLens, 
[2023.12.01-07.32.55:516][  0]LogMeshReduction: Using QuadricMeshReduction for automatic static mesh reduction
[2023.12.01-07.32.55:516][  0]LogMeshReduction: Using SimplygonMeshReduction for automatic skeletal mesh reduction
[2023.12.01-07.32.55:516][  0]LogMeshReduction: Using ProxyLODMeshReduction for automatic mesh merging
[2023.12.01-07.32.55:516][  0]LogMeshReduction: No distributed automatic mesh merging module available
[2023.12.01-07.32.55:516][  0]LogMeshMerging: No distributed automatic mesh merging module available
[2023.12.01-07.32.55:569][  0]LogNetVersion: FPS 1.0.0, NetCL: 0, EngineNetVer: 17, GameNetVer: 0 (Checksum: 2315683573)
[2023.12.01-07.32.55:604][  0]LogTexture: Warning: VolumeTexture /Engine/EngineSky/VolumetricClouds/T_VolumeNoiseErosion32.T_VolumeNoiseErosion32 cannot be created, rhi does not support format DXT1.
[2023.12.01-07.32.55:604][  0]LogTexture: Warning: VolumeTexture /Engine/EngineSky/VolumetricClouds/T_VolumeNoiseShape64.T_VolumeNoiseShape64 cannot be created, rhi does not support format DXT1.
[2023.12.01-07.32.55:697][  0]LogTexture: Default maximum texture size for cubemaps generated from long-lat sources has been changed from 512 to unlimited. In order to preserve old behaiour for '/Engine/MapTemplates/Sky/DaylightAmbientCubemap.DaylightAmbientCubemap', its maximum texture size has been explicitly set to 512.
[2023.12.01-07.32.55:728][  0]LogHMD: PokeAHoleMaterial loaded successfully
[2023.12.01-07.32.55:800][  0]LogMoviePlayer: Initializing movie player
[2023.12.01-07.32.55:898][  0]LogNiagaraDebuggerClient: Niagara Debugger Client Initialized | Session: F8CB873F412F0BEC7A23E0B23A064000 | Instance: 7B5D002848225181C0EC3BBF0995C667 (LAP-8440).
[2023.12.01-07.32.55:911][  0]LogCollectionManager: Loaded 0 collections in 0.000383 seconds
[2023.12.01-07.32.55:912][  0]LogFileCache: Scanning file cache for directory 'D:/Project_Unreal/FPS/Saved/Collections/' took 0.00s
[2023.12.01-07.32.55:912][  0]LogFileCache: Scanning file cache for directory 'D:/Project_Unreal/FPS/Content/Developers/11963/Collections/' took 0.00s
[2023.12.01-07.32.55:912][  0]LogCollectionManager: Fixed up redirectors for 0 collections in 0.000001 seconds (updated 0 objects)
[2023.12.01-07.32.55:926][  0]LogFileCache: Scanning file cache for directory 'D:/Project_Unreal/FPS/Content/Collections/' took 0.00s
[2023.12.01-07.32.55:926][  0]LogPython: Using Python 3.7.7
[2023.12.01-07.32.56:240][  0]LogTcpMessaging: Initializing TcpMessaging bridge
[2023.12.01-07.32.56:243][  0]LogUdpMessaging: Initializing bridge on interface 0.0.0.0:0 to multicast group 230.0.0.1:6666.
[2023.12.01-07.32.56:304][  0]SourceControl: Source control is disabled
[2023.12.01-07.32.56:304][  0]SourceControl: Source control is disabled
[2023.12.01-07.32.56:307][  0]SourceControl: Source control is disabled
[2023.12.01-07.32.56:314][  0]LogUProjectInfo: Found projects:
[2023.12.01-07.32.56:369][  0]LogOpenImageDenoise: OIDN starting up
[2023.12.01-07.32.56:394][  0]LogAndroidPermission: UAndroidPermissionCallbackProxy::GetInstance
[2023.12.01-07.32.56:408][  0]LogAudioCaptureCore: Display: No Audio Capture implementations found. Audio input will be silent.
[2023.12.01-07.32.56:408][  0]LogAudioCaptureCore: Display: No Audio Capture implementations found. Audio input will be silent.
[2023.12.01-07.32.56:453][  0]LogOcInput: OculusInput pre-init called
[2023.12.01-07.32.56:459][  0]LogUObjectArray: 22121 objects as part of root set at end of initial load.
[2023.12.01-07.32.56:459][  0]LogUObjectAllocator: 5975632 out of 0 bytes used by permanent object pool.
[2023.12.01-07.32.56:459][  0]LogUObjectArray: CloseDisregardForGC: 0/0 objects in disregard for GC pool
[2023.12.01-07.32.56:492][  0]LogEngine: Initializing Engine...
[2023.12.01-07.32.56:493][  0]LogHMD: Failed to enumerate extensions. Please check that you have a valid OpenXR runtime installed.
[2023.12.01-07.32.56:493][  0]LogHMD: Failed to initialize OpenVR with code 110
[2023.12.01-07.32.56:493][  0]LogMagicLeap: Warning: VR disabled because ZI is not enabled.  To enable, in the editor, Edit -> Project Settings -> Plugins -> Magic Leap Plugin -> Enable Zero Iteration
[2023.12.01-07.32.56:494][  0]LogStats: UGameplayTagsManager::InitializeManager -  0.000 s
[2023.12.01-07.32.56:542][  0]LogInit: Initializing FReadOnlyCVARCache
[2023.12.01-07.32.56:542][  0]LogAudio: Display: Initializing Audio Device Manager...
[2023.12.01-07.32.56:545][  0]LogAudio: Display: Loading Default Audio Settings Objects...
[2023.12.01-07.32.56:545][  0]LogAudio: Display: No default SoundConcurrencyObject specified (or failed to load).
[2023.12.01-07.32.56:545][  0]LogAudio: Display: Audio Device Manager Initialized
[2023.12.01-07.32.56:545][  0]LogAudio: Display: Creating Audio Device:                 Id: 1, Scope: Shared, Realtime: True
[2023.12.01-07.32.56:545][  0]LogAudioMixer: Display: Audio Mixer Platform Settings:
[2023.12.01-07.32.56:545][  0]LogAudioMixer: Display: 	Sample Rate:						  48000
[2023.12.01-07.32.56:545][  0]LogAudioMixer: Display: 	Callback Buffer Frame Size Requested: 1024
[2023.12.01-07.32.56:545][  0]LogAudioMixer: Display: 	Callback Buffer Frame Size To Use:	  1024
[2023.12.01-07.32.56:545][  0]LogAudioMixer: Display: 	Number of buffers to queue:			  2
[2023.12.01-07.32.56:545][  0]LogAudioMixer: Display: 	Max Channels (voices):				  32
[2023.12.01-07.32.56:545][  0]LogAudioMixer: Display: 	Number of Async Source Workers:		  0
[2023.12.01-07.32.56:545][  0]LogAudio: Display: AudioDevice MaxSources: 32
[2023.12.01-07.32.56:545][  0]LogAudio: Display: Audio Spatialization Plugin: None (built-in).
[2023.12.01-07.32.56:545][  0]LogAudio: Display: Audio Reverb Plugin: None (built-in).
[2023.12.01-07.32.56:545][  0]LogAudio: Display: Audio Occlusion Plugin: None (built-in).
[2023.12.01-07.32.56:545][  0]LogAudioMixer: Display: Initializing audio mixer.
[2023.12.01-07.32.56:554][  0]LogAudioMixer: Display: 0: FrontLeft
[2023.12.01-07.32.56:554][  0]LogAudioMixer: Display: 1: FrontRight
[2023.12.01-07.32.56:586][  0]LogAudioMixer: Display: Using Audio Device 耳机 (Senary Audio)
[2023.12.01-07.32.56:588][  0]LogAudioMixer: Display: Initializing Sound Submixes...
[2023.12.01-07.32.56:589][  0]LogAudioMixer: Display: Creating Master Submix 'MasterSubmixDefault'
[2023.12.01-07.32.56:589][  0]LogAudioMixer: Display: Creating Master Submix 'MasterReverbSubmixDefault'
[2023.12.01-07.32.56:590][  0]LogAudioMixer: Display: Creating Master Submix 'MasterEQSubmixDefault'
[2023.12.01-07.32.56:590][  0]LogAudioMixer: FMixerPlatformXAudio2::StartAudioStream() called
[2023.12.01-07.32.56:590][  0]LogAudioMixer: Display: Output buffers initialized: Frames=1024, Channels=2, Samples=2048
[2023.12.01-07.32.56:591][  0]LogAudioMixer: Display: Starting AudioMixerPlatformInterface::RunInternal()
[2023.12.01-07.32.56:591][  0]LogAudioMixer: Display: FMixerPlatformXAudio2::SubmitBuffer() called for the first time
[2023.12.01-07.32.56:591][  0]LogInit: FAudioDevice initialized.
[2023.12.01-07.32.56:591][  0]LogNetVersion: Set ProjectVersion to 1.0.0.0. Version Checksum will be recalculated on next use.
[2023.12.01-07.32.56:592][  0]LogInit: Texture streaming: Enabled
[2023.12.01-07.32.56:630][  0]LogAudio: Display: Audio Device (ID: 1) registered with world 'Untitled'.
[2023.12.01-07.32.56:630][  0]LogSlate: Updating window title bar state: overlay mode, drag disabled, window buttons hidden, title bar hidden
[2023.12.01-07.32.56:631][  0]LogInit: Display: Game Engine Initialized.
[2023.12.01-07.32.56:631][  0]LogNiagaraEditor: GEditor isn't valid! Particle reset commands will not work for Niagara components!
[2023.12.01-07.32.56:706][  0]LogInit: Display: Starting Game.
[2023.12.01-07.32.56:706][  0]LogNet: Browse: /Game/Map/Demo?Name=Player
[2023.12.01-07.32.56:707][  0]LogLoad: LoadMap: /Game/Map/Demo?Name=Player
[2023.12.01-07.32.56:707][  0]LogWorld: BeginTearingDown for /Temp/Untitled_0
[2023.12.01-07.32.56:707][  0]LogWorld: UWorld::CleanupWorld for Untitled, bSessionEnded=true, bCleanupResources=true
[2023.12.01-07.32.56:707][  0]LogSlate: InvalidateAllWidgets triggered.  All widgets were invalidated
[2023.12.01-07.32.56:710][  0]LogAudio: Display: Audio Device unregistered from world 'None'.
[2023.12.01-07.32.56:712][  0]LogUObjectHash: Compacting FUObjectHashTables data took   0.60ms
[2023.12.01-07.32.56:795][  0]LogBlueprint: Warning: [AssetLog] D:\Project_Unreal\FPS\Content\Blueprint\Anim\FPP_AnimBP.uasset: [Compiler] 节点  混合空间播放器“FPPMove_BS”  可能正使用不安全线程调用  尝试获取Pawn拥有者 。禁用线程更新，或使用安全的线程调用。需要添加蓝图安全线程元数据以启用函数。
[2023.12.01-07.32.56:795][  0]LogBlueprint: Warning: [AssetLog] D:\Project_Unreal\FPS\Content\Blueprint\Anim\FPP_AnimBP.uasset: [Compiler] 节点  混合空间播放器“FPPMove_BS”  可能正使用不安全线程调用  尝试获取Pawn拥有者 。禁用线程更新，或使用安全的线程调用。需要添加蓝图安全线程元数据以启用函数。
[2023.12.01-07.32.56:795][  0]LogBlueprint: Warning: [AssetLog] D:\Project_Unreal\FPS\Content\Blueprint\Anim\Robot_AnimBP.uasset: [Compiler] 节点  结果  正使用存在安全隐患的线程调用 Get Shooter。禁用线程更新，或使用安全的线程调用。函数可能需要添加蓝图线程安全的元数据。
[2023.12.01-07.32.56:795][  0]LogBlueprint: Warning: [AssetLog] D:\Project_Unreal\FPS\Content\Blueprint\Anim\Robot_AnimBP.uasset: [Compiler] 节点  结果  可能正使用不安全线程调用  Get Shooter 。禁用线程更新，或使用安全的线程调用。需要添加蓝图安全线程元数据以启用函数。
[2023.12.01-07.32.56:795][  0]LogBlueprint: Warning: [AssetLog] D:\Project_Unreal\FPS\Content\Blueprint\Anim\Robot_AnimBP.uasset: [Compiler] 节点  混合空间播放器“RobotMove_BS”  可能正使用不安全线程调用  尝试获取Pawn拥有者 。禁用线程更新，或使用安全的线程调用。需要添加蓝图安全线程元数据以启用函数。
[2023.12.01-07.32.56:795][  0]LogBlueprint: Warning: [AssetLog] D:\Project_Unreal\FPS\Content\Blueprint\Anim\Robot_AnimBP.uasset: [Compiler] 节点  混合空间播放器“RobotMove_BS”  可能正使用不安全线程调用  尝试获取Pawn拥有者 。禁用线程更新，或使用安全的线程调用。需要添加蓝图安全线程元数据以启用函数。
[2023.12.01-07.32.56:911][  0]LogSkeletalMesh: Display: [AssetLog] D:\Project_Unreal\FPS\Content\Assets\Weapons\Rifle.uasset: Find and fix some bad tangent! please re-import this skeletal mesh asset to fix the issue. The shading of the skeletal mesh will be bad and faceted.
[2023.12.01-07.32.56:945][  0]LogSkeletalMesh: Display: [AssetLog] D:\Project_Unreal\FPS\Content\Assets\Weapons\Launcher.uasset: Find and fix some bad tangent! please re-import this skeletal mesh asset to fix the issue. The shading of the skeletal mesh will be bad and faceted.
[2023.12.01-07.32.56:962][  0]LogAudio: Display: Audio Device (ID: 1) registered with world 'Demo'.
[2023.12.01-07.32.56:969][  0]LogAIModule: Creating AISystem for world Demo
[2023.12.01-07.32.56:969][  0]LogLoad: Game class is 'ShooterGameMode_C'
[2023.12.01-07.32.56:972][  0]LogWorld: Bringing World /Game/Map/Demo.Demo up for play (max tick rate 0) at 2023.12.01-15.32.56
[2023.12.01-07.32.56:972][  0]LogWorld: Bringing up level for play took: 0.002468
[2023.12.01-07.32.56:976][  0]LogViewport: Display: Player bShowMouseCursor Changed, False -> True
[2023.12.01-07.32.56:976][  0]LogLoad: Took 0.269038 seconds to LoadMap(/Game/Map/Demo)
[2023.12.01-07.32.57:022][  0]LogSlate: Took 0.000130 seconds to synchronously load lazily loaded font '../../../Engine/Content/Slate/Fonts/Roboto-Regular.ttf' (155K)
[2023.12.01-07.32.57:045][  0]LogRenderer: Reallocating scene render targets to support 1424x892 Format 10 NumSamples 1 (Frame:1).
[2023.12.01-07.32.57:045][  0]LogModuleManager: Warning: ModuleManager: Unable to load module 'SequenceRecorderSections'  - 0 instances of that module name found.
[2023.12.01-07.32.57:045][  0]LogInit: Display: Engine is initialized. Leaving FEngineLoop::Init()
[2023.12.01-07.32.57:045][  0]LogLoad: (Engine Initialization) Total time: 3.41 seconds
[2023.12.01-07.32.57:045][  0]LogLoad: (Engine Initialization) Total Blueprint compile time: 0.00 seconds
[2023.12.01-07.32.57:047][  0]LogContentStreaming: Texture pool size now 1000 MB
[2023.12.01-07.32.57:048][  0]LogSlate: InvalidateAllWidgets triggered.  All widgets were invalidated
[2023.12.01-07.32.57:054][  1]LogSlate: Took 0.000142 seconds to synchronously load lazily loaded font '../../../Engine/Content/Slate/Fonts/Roboto-Regular.ttf' (155K)
